[06:40:31] [CanaryMod] [INFO]: Starting: CanaryMod 1.8.0-1.2.1-SNAPSHOT
[06:40:31] [CanaryMod] [INFO]: Canary Path: /Users/samenglander/Desktop/MinecraftScripting/CanaryMod-1.8.0-1.2.1-SNAPSHOT-shaded.jar & Working From: /Users/samenglander/Desktop/MinecraftScripting
[06:40:31] [CanaryMod] [INFO]: Registered xml Database
[06:40:31] [CanaryMod] [INFO]: Found 1 plugins; total: 1
[06:40:32] [net.minecraft.server.dedicated.DedicatedServer] [INFO]: Starting minecraft server version 1.8
[06:40:32] [net.minecraft.server.dedicated.DedicatedServer] [INFO]: Loading properties
[06:40:32] [net.minecraft.server.dedicated.DedicatedServer] [INFO]: Generating keypair
[06:40:33] [net.minecraft.server.dedicated.DedicatedServer] [INFO]: Starting Minecraft server on *:25565
[06:40:33] [CanaryMod] [INFO]: Enabling early Plugins...
[06:40:33] [CanaryMod] [INFO]: Enabling late Plugins...
[06:40:33] [CanaryMod] [INFO]: Enabling plugin ScriptCraft
[06:40:35] [ScriptCraft] [WARN]: alias plugin is not yet supported in CanaryMod
[06:40:36] [ScriptCraft] [WARN]: commando-test not yet supported in CanaryMod
[06:40:36] [ScriptCraft] [WARN]: commando plugin is not yet supported in CanaryMod
[06:40:36] [CanaryMod] [INFO] [MESSAGE]: §EPermission added
[06:40:36] [CanaryMod] [INFO] [MESSAGE]: §EPermission added
[06:40:36] [ScriptCraft] [WARN]: cow-clicker minigame is not yet supported in CanaryMod and Craftbukkit
[06:40:38] [net.minecraft.server.MinecraftServer] [INFO]: Preparing start region for level default_NORMAL (0)
[06:40:39] [net.minecraft.server.MinecraftServer] [INFO]: Preparing spawn area: 46%
[06:40:40] [net.minecraft.server.dedicated.DedicatedServer] [INFO]: Done (7.108s)! For help, type "help" or "?"
[06:40:40] [ScriptCraft] [INFO]: js-patch setTimeout() test complete
[06:41:14] [net.minecraft.server.network.NetHandlerLoginServer] [INFO]: UUID of player SazonNunez is dd43604d-480b-4088-af96-1ae1b3fd8340
[06:41:14] [net.minecraft.server.management.ServerConfigurationManager] [INFO]: SazonNunez[/127.0.0.1:49734] logged in with entity id 9 at (1714.5, 4.0, -294.5)
[06:41:14] [ScriptCraft] [INFO]: Player[name=SazonNunez] connected
[06:41:14] [net.minecraft.server.MinecraftServer] [INFO]: SazonNunez joined the game
[06:42:01] [CanaryMod] [INFO]: Command used by SazonNunez: /js
[06:42:09] [CanaryMod] [INFO]: Command used by SazonNunez: /js box('5')
[06:42:24] [ScriptCraft] [ERROR]: Error while trying to evaluate javascript: .up().box('5'), Error: javax.script.ScriptException: <eval>:1:0 Expected an operand but found .
.up().box('5')
^ in <eval> at line number 1 at column number 0
[06:42:24] [ScriptCraft] [ERROR]: javax.script.ScriptException: javax.script.ScriptException: <eval>:1:0 Expected an operand but found .
.up().box('5')
^ in <eval> at line number 1 at column number 0 in <eval> at line number 630 at column number 8
[06:42:24] [CanaryMod] [INFO]: Command used by SazonNunez: /js .up().box('5')
[06:42:31] [CanaryMod] [INFO]: Command used by SazonNunez: /js up().box('5')
[06:50:34] [net.minecraft.server.MinecraftServer] [INFO]: [SazonNunez: Set the time to 1000]
[06:50:34] [CanaryMod] [INFO]: Command used by SazonNunez: /time set day
[06:51:54] [net.minecraft.server.MinecraftServer] [INFO]: SazonNunez has just earned the achievement [Taking Inventory]
[07:53:39] [net.minecraft.server.MinecraftServer] [WARN]: Can't keep up! Did the system time change, or is the server overloaded? Running 2672680ms behind, skipping 53453 tick(s)
[07:57:19] [net.minecraft.network.NetHandlerPlayServer] [INFO]: SazonNunez lost connection: Disconnected
[07:57:19] [net.minecraft.server.MinecraftServer] [INFO]: SazonNunez left the game
